I200129 07:10:24.835507 26 util/log/clog.go:1196  [config] file created at: 2020/01/29 07:10:24
I200129 07:10:24.835507 26 util/log/clog.go:1196  [config] running on machine: Syamils-MacBook-Pro
I200129 07:10:24.835507 26 util/log/clog.go:1196  [config] binary: CockroachDB CCL v19.2.2 (x86_64-apple-darwin14, built 2019/12/11 01:27:47, go1.12.12)
I200129 07:10:24.835507 26 util/log/clog.go:1196  [config] arguments: [cockroach start --insecure]
I200129 07:10:24.835507 26 util/log/clog.go:1196  line format: [IWEF]yymmdd hh:mm:ss.uuuuuu goid file:line msg utf8=✓
I200129 07:10:24.835506 26 storage/engine/rocksdb.go:120  RocksDB version: 6.2.1
I200129 07:10:24.836331 26 storage/engine/rocksdb.go:120  Git sha rocksdb_build_git_sha:@b7009236531fa784872f4823eabf393501e41bf2@
I200129 07:10:24.836510 26 storage/engine/rocksdb.go:120  Compile date Dec 11 2019
I200129 07:10:24.836525 26 storage/engine/rocksdb.go:120  DB SUMMARY
I200129 07:10:24.836585 26 storage/engine/rocksdb.go:120  SST files in /Users/syamil/Sites/praxis-academy/novice/03-01/latihan/cockroach/cockroach-data/cockroach-temp678673139 dir, Total Num: 0, files: 
I200129 07:10:24.836591 26 storage/engine/rocksdb.go:120  Write Ahead Log file in /Users/syamil/Sites/praxis-academy/novice/03-01/latihan/cockroach/cockroach-data/cockroach-temp678673139: 
I200129 07:10:24.836597 26 storage/engine/rocksdb.go:120                          Options.error_if_exists: 0
I200129 07:10:24.836601 26 storage/engine/rocksdb.go:120                        Options.create_if_missing: 1
I200129 07:10:24.836605 26 storage/engine/rocksdb.go:120                          Options.paranoid_checks: 1
I200129 07:10:24.836610 26 storage/engine/rocksdb.go:120                                      Options.env: 0xa8d7808
I200129 07:10:24.836614 26 storage/engine/rocksdb.go:120                                 Options.info_log: 0x11c0d0a0
I200129 07:10:24.836619 26 storage/engine/rocksdb.go:120                 Options.max_file_opening_threads: 16
I200129 07:10:24.836623 26 storage/engine/rocksdb.go:120                               Options.statistics: 0x11c120b8
I200129 07:10:24.836627 26 storage/engine/rocksdb.go:120                                Options.use_fsync: 0
I200129 07:10:24.836631 26 storage/engine/rocksdb.go:120                        Options.max_log_file_size: 0
I200129 07:10:24.836636 26 storage/engine/rocksdb.go:120                   Options.max_manifest_file_size: 134217728
I200129 07:10:24.836640 26 storage/engine/rocksdb.go:120                    Options.log_file_time_to_roll: 0
I200129 07:10:24.836644 26 storage/engine/rocksdb.go:120                        Options.keep_log_file_num: 1000
I200129 07:10:24.836648 26 storage/engine/rocksdb.go:120                     Options.recycle_log_file_num: 1
I200129 07:10:24.836653 26 storage/engine/rocksdb.go:120                          Options.allow_fallocate: 1
I200129 07:10:24.836657 26 storage/engine/rocksdb.go:120                         Options.allow_mmap_reads: 0
I200129 07:10:24.836661 26 storage/engine/rocksdb.go:120                        Options.allow_mmap_writes: 0
I200129 07:10:24.836665 26 storage/engine/rocksdb.go:120                         Options.use_direct_reads: 0
I200129 07:10:24.836669 26 storage/engine/rocksdb.go:120                         Options.use_direct_io_for_flush_and_compaction: 0
I200129 07:10:24.836674 26 storage/engine/rocksdb.go:120           Options.create_missing_column_families: 0
I200129 07:10:24.836678 26 storage/engine/rocksdb.go:120                               Options.db_log_dir: 
I200129 07:10:24.836682 26 storage/engine/rocksdb.go:120                                  Options.wal_dir: /Users/syamil/Sites/praxis-academy/novice/03-01/latihan/cockroach/cockroach-data/cockroach-temp678673139
I200129 07:10:24.836687 26 storage/engine/rocksdb.go:120                 Options.table_cache_numshardbits: 6
I200129 07:10:24.836691 26 storage/engine/rocksdb.go:120                       Options.max_subcompactions: 1
I200129 07:10:24.836695 26 storage/engine/rocksdb.go:120                   Options.max_background_flushes: -1
I200129 07:10:24.836699 26 storage/engine/rocksdb.go:120                          Options.WAL_ttl_seconds: 0
I200129 07:10:24.836703 26 storage/engine/rocksdb.go:120                        Options.WAL_size_limit_MB: 0
I200129 07:10:24.836708 26 storage/engine/rocksdb.go:120              Options.manifest_preallocation_size: 4194304
I200129 07:10:24.836712 26 storage/engine/rocksdb.go:120                      Options.is_fd_close_on_exec: 1
I200129 07:10:24.836716 26 storage/engine/rocksdb.go:120                    Options.advise_random_on_open: 1
I200129 07:10:24.836720 26 storage/engine/rocksdb.go:120                     Options.db_write_buffer_size: 0
I200129 07:10:24.836731 26 storage/engine/rocksdb.go:120                     Options.write_buffer_manager: 0x11c93030
I200129 07:10:24.836735 26 storage/engine/rocksdb.go:120          Options.access_hint_on_compaction_start: 1
I200129 07:10:24.836739 26 storage/engine/rocksdb.go:120   Options.new_table_reader_for_compaction_inputs: 0
I200129 07:10:24.836743 26 storage/engine/rocksdb.go:120            Options.random_access_max_buffer_size: 1048576
I200129 07:10:24.836748 26 storage/engine/rocksdb.go:120                       Options.use_adaptive_mutex: 0
I200129 07:10:24.836752 26 storage/engine/rocksdb.go:120                             Options.rate_limiter: 0x0
I200129 07:10:24.836761 26 storage/engine/rocksdb.go:120      Options.sst_file_manager.rate_bytes_per_sec: 0
I200129 07:10:24.836765 26 storage/engine/rocksdb.go:120                        Options.wal_recovery_mode: 0
I200129 07:10:24.836770 26 storage/engine/rocksdb.go:120                   Options.enable_thread_tracking: 0
I200129 07:10:24.836774 26 storage/engine/rocksdb.go:120                   Options.enable_pipelined_write: 0
I200129 07:10:24.836778 26 storage/engine/rocksdb.go:120          Options.allow_concurrent_memtable_write: 1
I200129 07:10:24.836782 26 storage/engine/rocksdb.go:120       Options.enable_write_thread_adaptive_yield: 1
I200129 07:10:24.836786 26 storage/engine/rocksdb.go:120              Options.write_thread_max_yield_usec: 100
I200129 07:10:24.836790 26 storage/engine/rocksdb.go:120             Options.write_thread_slow_yield_usec: 3
I200129 07:10:24.836795 26 storage/engine/rocksdb.go:120                                Options.row_cache: None
I200129 07:10:24.836799 26 storage/engine/rocksdb.go:120                               Options.wal_filter: None
I200129 07:10:24.836803 26 storage/engine/rocksdb.go:120              Options.avoid_flush_during_recovery: 0
I200129 07:10:24.836807 26 storage/engine/rocksdb.go:120              Options.allow_ingest_behind: 0
I200129 07:10:24.836811 26 storage/engine/rocksdb.go:120              Options.preserve_deletes: 0
I200129 07:10:24.836816 26 storage/engine/rocksdb.go:120              Options.two_write_queues: 0
I200129 07:10:24.836820 26 storage/engine/rocksdb.go:120              Options.manual_wal_flush: 1
I200129 07:10:24.836824 26 storage/engine/rocksdb.go:120              Options.atomic_flush: 0
I200129 07:10:24.836828 26 storage/engine/rocksdb.go:120              Options.avoid_unnecessary_blocking_io: 0
I200129 07:10:24.836832 26 storage/engine/rocksdb.go:120              Options.max_background_jobs: 4
I200129 07:10:24.836837 26 storage/engine/rocksdb.go:120              Options.max_background_compactions: -1
I200129 07:10:24.836841 26 storage/engine/rocksdb.go:120              Options.avoid_flush_during_shutdown: 0
I200129 07:10:24.836845 26 storage/engine/rocksdb.go:120            Options.writable_file_max_buffer_size: 1048576
I200129 07:10:24.836849 26 storage/engine/rocksdb.go:120              Options.delayed_write_rate : 16777216
I200129 07:10:24.836854 26 storage/engine/rocksdb.go:120              Options.max_total_wal_size: 0
I200129 07:10:24.836858 26 storage/engine/rocksdb.go:120              Options.delete_obsolete_files_period_micros: 21600000000
I200129 07:10:24.836862 26 storage/engine/rocksdb.go:120                    Options.stats_dump_period_sec: 0
I200129 07:10:24.836866 26 storage/engine/rocksdb.go:120                  Options.stats_persist_period_sec: 600
I200129 07:10:24.836870 26 storage/engine/rocksdb.go:120                  Options.stats_history_buffer_size: 1048576
I200129 07:10:24.836875 26 storage/engine/rocksdb.go:120                           Options.max_open_files: 128
I200129 07:10:24.836879 26 storage/engine/rocksdb.go:120                           Options.bytes_per_sync: 524288
I200129 07:10:24.836883 26 storage/engine/rocksdb.go:120                       Options.wal_bytes_per_sync: 0
I200129 07:10:24.836887 26 storage/engine/rocksdb.go:120                    Options.strict_bytes_per_sync: 1
I200129 07:10:24.836897 26 storage/engine/rocksdb.go:120        Options.compaction_readahead_size: 0
I200129 07:10:24.836901 26 storage/engine/rocksdb.go:120  Compression algorithms supported:
I200129 07:10:24.836906 26 storage/engine/rocksdb.go:120  	kZSTD supported: 0
I200129 07:10:24.836911 26 storage/engine/rocksdb.go:120  	kZlibCompression supported: 0
I200129 07:10:24.836916 26 storage/engine/rocksdb.go:120  	kXpressCompression supported: 0
I200129 07:10:24.836920 26 storage/engine/rocksdb.go:120  	kSnappyCompression supported: 1
I200129 07:10:24.836924 26 storage/engine/rocksdb.go:120  	kZSTDNotFinalCompression supported: 0
I200129 07:10:24.836929 26 storage/engine/rocksdb.go:120  	kLZ4HCCompression supported: 0
I200129 07:10:24.836933 26 storage/engine/rocksdb.go:120  	kLZ4Compression supported: 0
I200129 07:10:24.836937 26 storage/engine/rocksdb.go:120  	kBZip2Compression supported: 0
I200129 07:10:24.836947 26 storage/engine/rocksdb.go:120  Fast CRC32 supported: Supported on x86
I200129 07:10:24.837109 26 storage/engine/rocksdb.go:120  [db/db_impl_open.cc:242] Creating manifest 1 
I200129 07:10:24.839421 26 storage/engine/rocksdb.go:120  [db/version_set.cc:4072] Recovering from manifest file: /Users/syamil/Sites/praxis-academy/novice/03-01/latihan/cockroach/cockroach-data/cockroach-temp678673139/MANIFEST-000001
I200129 07:10:24.839507 26 storage/engine/rocksdb.go:120  [db/column_family.cc:488] --------------- Options for column family [default]:
I200129 07:10:24.839513 26 storage/engine/rocksdb.go:120                Options.comparator: cockroach_comparator
I200129 07:10:24.839523 26 storage/engine/rocksdb.go:120            Options.merge_operator: cockroach_merge_operator
I200129 07:10:24.839527 26 storage/engine/rocksdb.go:120         Options.compaction_filter: None
I200129 07:10:24.839532 26 storage/engine/rocksdb.go:120         Options.compaction_filter_factory: None
I200129 07:10:24.839536 26 storage/engine/rocksdb.go:120          Options.memtable_factory: SkipListFactory
I200129 07:10:24.839546 26 storage/engine/rocksdb.go:120             Options.table_factory: BlockBasedTable
I200129 07:10:24.839589 26 storage/engine/rocksdb.go:120             table_factory options:   flush_block_policy_factory: FlushBlockBySizePolicyFactory (0x11c11030)
  cache_index_and_filter_blocks: 0
  cache_index_and_filter_blocks_with_high_priority: 0
  pin_l0_filter_and_index_blocks_in_cache: 0
  pin_top_level_index_and_filter: 1
  index_type: 0
  data_block_index_type: 0
  index_shortening: 1
  data_block_hash_table_util_ratio: 0.750000
  hash_index_allow_collision: 1
  checksum: 1
  no_block_cache: 0
  block_cache: 0x11a12018
  block_cache_name: LRUCache
  block_cache_options:
    capacity : 1048576
    num_shard_bits : 4
    strict_capacity_limit : 0
    memory_allocator : None
    high_pri_pool_ratio: 0.000
  block_cache_compressed: 0x0
  persistent_cache: 0x0
  block_size: 32768
  block_size_deviation: 10
  block_restart_interval: 16
  index_block_restart_interval: 1
  metadata_block_size: 4096
  partition_filters: 0
  use_delta_encoding: 1
  filter_policy: rocksdb.BuiltinBloomFilter
  whole_key_filtering: 0
  verify_compression: 0
  read_amp_bytes_per_bit: 0
  format_version: 2
  enable_index_compression: 1
  block_align: 0
I200129 07:10:24.839597 26 storage/engine/rocksdb.go:120         Options.write_buffer_size: 67108864
I200129 07:10:24.839603 26 storage/engine/rocksdb.go:120   Options.max_write_buffer_number: 4
I200129 07:10:24.839612 26 storage/engine/rocksdb.go:120           Options.compression: Snappy
I200129 07:10:24.839617 26 storage/engine/rocksdb.go:120                   Options.bottommost_compression: Disabled
I200129 07:10:24.839621 26 storage/engine/rocksdb.go:120        Options.prefix_extractor: cockroach_prefix_extractor
I200129 07:10:24.839626 26 storage/engine/rocksdb.go:120    Options.memtable_insert_with_hint_prefix_extractor: nullptr
I200129 07:10:24.839630 26 storage/engine/rocksdb.go:120              Options.num_levels: 7
I200129 07:10:24.839635 26 storage/engine/rocksdb.go:120         Options.min_write_buffer_number_to_merge: 1
I200129 07:10:24.839644 26 storage/engine/rocksdb.go:120      Options.max_write_buffer_number_to_maintain: 0
I200129 07:10:24.839649 26 storage/engine/rocksdb.go:120             Options.bottommost_compression_opts.window_bits: -14
I200129 07:10:24.839654 26 storage/engine/rocksdb.go:120                   Options.bottommost_compression_opts.level: 32767
I200129 07:10:24.839658 26 storage/engine/rocksdb.go:120                Options.bottommost_compression_opts.strategy: 0
I200129 07:10:24.839662 26 storage/engine/rocksdb.go:120          Options.bottommost_compression_opts.max_dict_bytes: 0
I200129 07:10:24.839667 26 storage/engine/rocksdb.go:120          Options.bottommost_compression_opts.zstd_max_train_bytes: 0
I200129 07:10:24.839675 26 storage/engine/rocksdb.go:120                   Options.bottommost_compression_opts.enabled: false
I200129 07:10:24.839680 26 storage/engine/rocksdb.go:120             Options.compression_opts.window_bits: -14
I200129 07:10:24.839684 26 storage/engine/rocksdb.go:120                   Options.compression_opts.level: 32767
I200129 07:10:24.839688 26 storage/engine/rocksdb.go:120                Options.compression_opts.strategy: 0
I200129 07:10:24.839693 26 storage/engine/rocksdb.go:120          Options.compression_opts.max_dict_bytes: 0
I200129 07:10:24.839697 26 storage/engine/rocksdb.go:120          Options.compression_opts.zstd_max_train_bytes: 0
I200129 07:10:24.839701 26 storage/engine/rocksdb.go:120                   Options.compression_opts.enabled: false
I200129 07:10:24.839705 26 storage/engine/rocksdb.go:120       Options.level0_file_num_compaction_trigger: 2
I200129 07:10:24.839709 26 storage/engine/rocksdb.go:120           Options.level0_slowdown_writes_trigger: 950
I200129 07:10:24.839714 26 storage/engine/rocksdb.go:120               Options.level0_stop_writes_trigger: 1000
I200129 07:10:24.839718 26 storage/engine/rocksdb.go:120                    Options.target_file_size_base: 4194304
I200129 07:10:24.839722 26 storage/engine/rocksdb.go:120              Options.target_file_size_multiplier: 2
I200129 07:10:24.839726 26 storage/engine/rocksdb.go:120                 Options.max_bytes_for_level_base: 67108864
I200129 07:10:24.839731 26 storage/engine/rocksdb.go:120  Options.level_compaction_dynamic_level_bytes: 1
I200129 07:10:24.839736 26 storage/engine/rocksdb.go:120           Options.max_bytes_for_level_multiplier: 10.000000
I200129 07:10:24.839740 26 storage/engine/rocksdb.go:120  Options.max_bytes_for_level_multiplier_addtl[0]: 1
I200129 07:10:24.839744 26 storage/engine/rocksdb.go:120  Options.max_bytes_for_level_multiplier_addtl[1]: 1
I200129 07:10:24.839753 26 storage/engine/rocksdb.go:120  Options.max_bytes_for_level_multiplier_addtl[2]: 1
I200129 07:10:24.839758 26 storage/engine/rocksdb.go:120  Options.max_bytes_for_level_multiplier_addtl[3]: 1
I200129 07:10:24.839762 26 storage/engine/rocksdb.go:120  Options.max_bytes_for_level_multiplier_addtl[4]: 1
I200129 07:10:24.839767 26 storage/engine/rocksdb.go:120  Options.max_bytes_for_level_multiplier_addtl[5]: 1
I200129 07:10:24.839771 26 storage/engine/rocksdb.go:120  Options.max_bytes_for_level_multiplier_addtl[6]: 1
I200129 07:10:24.839775 26 storage/engine/rocksdb.go:120        Options.max_sequential_skip_in_iterations: 8
I200129 07:10:24.839779 26 storage/engine/rocksdb.go:120                     Options.max_compaction_bytes: 104857600
I200129 07:10:24.839783 26 storage/engine/rocksdb.go:120                         Options.arena_block_size: 8388608
I200129 07:10:24.839788 26 storage/engine/rocksdb.go:120    Options.soft_pending_compaction_bytes_limit: 2199023255552
I200129 07:10:24.839792 26 storage/engine/rocksdb.go:120    Options.hard_pending_compaction_bytes_limit: 4400193994752
I200129 07:10:24.839796 26 storage/engine/rocksdb.go:120        Options.rate_limit_delay_max_milliseconds: 100
I200129 07:10:24.839800 26 storage/engine/rocksdb.go:120                 Options.disable_auto_compactions: 0
I200129 07:10:24.839805 26 storage/engine/rocksdb.go:120                         Options.compaction_style: kCompactionStyleLevel
I200129 07:10:24.839815 26 storage/engine/rocksdb.go:120                           Options.compaction_pri: kMinOverlappingRatio
I200129 07:10:24.839819 26 storage/engine/rocksdb.go:120  Options.compaction_options_universal.size_ratio: 1
I200129 07:10:24.839823 26 storage/engine/rocksdb.go:120  Options.compaction_options_universal.min_merge_width: 2
I200129 07:10:24.839828 26 storage/engine/rocksdb.go:120  Options.compaction_options_universal.max_merge_width: 4294967295
I200129 07:10:24.839832 26 storage/engine/rocksdb.go:120  Options.compaction_options_universal.max_size_amplification_percent: 200
I200129 07:10:24.839836 26 storage/engine/rocksdb.go:120  Options.compaction_options_universal.compression_size_percent: -1
I200129 07:10:24.839841 26 storage/engine/rocksdb.go:120  Options.compaction_options_universal.stop_style: kCompactionStopStyleTotalSize
I200129 07:10:24.839845 26 storage/engine/rocksdb.go:120  Options.compaction_options_fifo.max_table_files_size: 1073741824
I200129 07:10:24.839850 26 storage/engine/rocksdb.go:120  Options.compaction_options_fifo.allow_compaction: 0
I200129 07:10:24.839855 26 storage/engine/rocksdb.go:120                    Options.table_properties_collectors: TimeBoundTblPropCollectorFactory; DeleteRangeTblPropCollectorFactory; 
I200129 07:10:24.839864 26 storage/engine/rocksdb.go:120                    Options.inplace_update_support: 0
I200129 07:10:24.839868 26 storage/engine/rocksdb.go:120                  Options.inplace_update_num_locks: 10000
I200129 07:10:24.839873 26 storage/engine/rocksdb.go:120                Options.memtable_prefix_bloom_size_ratio: 0.000000
I200129 07:10:24.839877 26 storage/engine/rocksdb.go:120                Options.memtable_whole_key_filtering: 0
I200129 07:10:24.839882 26 storage/engine/rocksdb.go:120    Options.memtable_huge_page_size: 0
I200129 07:10:24.839886 26 storage/engine/rocksdb.go:120                            Options.bloom_locality: 0
I200129 07:10:24.839890 26 storage/engine/rocksdb.go:120                     Options.max_successive_merges: 0
I200129 07:10:24.839894 26 storage/engine/rocksdb.go:120                 Options.optimize_filters_for_hits: 1
I200129 07:10:24.839899 26 storage/engine/rocksdb.go:120                 Options.paranoid_file_checks: 0
I200129 07:10:24.839903 26 storage/engine/rocksdb.go:120                 Options.force_consistency_checks: 0
I200129 07:10:24.839907 26 storage/engine/rocksdb.go:120                 Options.report_bg_io_stats: 0
I200129 07:10:24.839911 26 storage/engine/rocksdb.go:120                                Options.ttl: 0
I200129 07:10:24.839915 26 storage/engine/rocksdb.go:120           Options.periodic_compaction_seconds: 0
I200129 07:10:24.840769 26 storage/engine/rocksdb.go:120  [db/version_set.cc:4286] Recovered from manifest file:/Users/syamil/Sites/praxis-academy/novice/03-01/latihan/cockroach/cockroach-data/cockroach-temp678673139/MANIFEST-000001 succeeded,manifest_file_number is 1, next_file_number is 3, last_sequence is 0, log_number is 0,prev_log_number is 0,max_column_family is 0,min_log_number_to_keep is 0
I200129 07:10:24.840777 26 storage/engine/rocksdb.go:120  [db/version_set.cc:4295] Column family [default] (ID 0), log number is 0
I200129 07:10:24.844131 26 storage/engine/rocksdb.go:120  DB pointer 0x11caa000
I200129 07:10:24.861599 26 storage/engine/rocksdb.go:120  RocksDB version: 6.2.1
I200129 07:10:24.861612 26 storage/engine/rocksdb.go:120  Git sha rocksdb_build_git_sha:@b7009236531fa784872f4823eabf393501e41bf2@
I200129 07:10:24.861616 26 storage/engine/rocksdb.go:120  Compile date Dec 11 2019
I200129 07:10:24.861621 26 storage/engine/rocksdb.go:120  DB SUMMARY
I200129 07:10:24.861664 26 storage/engine/rocksdb.go:120  SST files in /Users/syamil/Sites/praxis-academy/novice/03-01/latihan/cockroach/cockroach-data dir, Total Num: 0, files: 
I200129 07:10:24.861669 26 storage/engine/rocksdb.go:120  Write Ahead Log file in /Users/syamil/Sites/praxis-academy/novice/03-01/latihan/cockroach/cockroach-data: 
I200129 07:10:24.861678 26 storage/engine/rocksdb.go:120                          Options.error_if_exists: 0
I200129 07:10:24.861686 26 storage/engine/rocksdb.go:120                        Options.create_if_missing: 1
I200129 07:10:24.861690 26 storage/engine/rocksdb.go:120                          Options.paranoid_checks: 1
I200129 07:10:24.861694 26 storage/engine/rocksdb.go:120                                      Options.env: 0xa8d7808
I200129 07:10:24.861697 26 storage/engine/rocksdb.go:120                                 Options.info_log: 0xd66a640
I200129 07:10:24.861705 26 storage/engine/rocksdb.go:120                 Options.max_file_opening_threads: 16
I200129 07:10:24.861709 26 storage/engine/rocksdb.go:120                               Options.statistics: 0xd61af38
I200129 07:10:24.861713 26 storage/engine/rocksdb.go:120                                Options.use_fsync: 0
I200129 07:10:24.861717 26 storage/engine/rocksdb.go:120                        Options.max_log_file_size: 0
I200129 07:10:24.861720 26 storage/engine/rocksdb.go:120                   Options.max_manifest_file_size: 134217728
I200129 07:10:24.861724 26 storage/engine/rocksdb.go:120                    Options.log_file_time_to_roll: 0
I200129 07:10:24.861728 26 storage/engine/rocksdb.go:120                        Options.keep_log_file_num: 1000
I200129 07:10:24.861734 26 storage/engine/rocksdb.go:120                     Options.recycle_log_file_num: 1
I200129 07:10:24.861738 26 storage/engine/rocksdb.go:120                          Options.allow_fallocate: 1
I200129 07:10:24.861742 26 storage/engine/rocksdb.go:120                         Options.allow_mmap_reads: 0
I200129 07:10:24.861746 26 storage/engine/rocksdb.go:120                        Options.allow_mmap_writes: 0
I200129 07:10:24.861750 26 storage/engine/rocksdb.go:120                         Options.use_direct_reads: 0
I200129 07:10:24.861753 26 storage/engine/rocksdb.go:120                         Options.use_direct_io_for_flush_and_compaction: 0
I200129 07:10:24.861757 26 storage/engine/rocksdb.go:120           Options.create_missing_column_families: 0
I200129 07:10:24.861761 26 storage/engine/rocksdb.go:120                               Options.db_log_dir: 
I200129 07:10:24.861765 26 storage/engine/rocksdb.go:120                                  Options.wal_dir: /Users/syamil/Sites/praxis-academy/novice/03-01/latihan/cockroach/cockroach-data
I200129 07:10:24.861771 26 storage/engine/rocksdb.go:120                 Options.table_cache_numshardbits: 6
I200129 07:10:24.861776 26 storage/engine/rocksdb.go:120                       Options.max_subcompactions: 1
I200129 07:10:24.861780 26 storage/engine/rocksdb.go:120                   Options.max_background_flushes: -1
I200129 07:10:24.861783 26 storage/engine/rocksdb.go:120                          Options.WAL_ttl_seconds: 0
I200129 07:10:24.861787 26 storage/engine/rocksdb.go:120                        Options.WAL_size_limit_MB: 0
I200129 07:10:24.861793 26 storage/engine/rocksdb.go:120              Options.manifest_preallocation_size: 4194304
I200129 07:10:24.861798 26 storage/engine/rocksdb.go:120                      Options.is_fd_close_on_exec: 1
I200129 07:10:24.861801 26 storage/engine/rocksdb.go:120                    Options.advise_random_on_open: 1
I200129 07:10:24.861807 26 storage/engine/rocksdb.go:120                     Options.db_write_buffer_size: 0
I200129 07:10:24.861811 26 storage/engine/rocksdb.go:120                     Options.write_buffer_manager: 0xd6830b0
I200129 07:10:24.861815 26 storage/engine/rocksdb.go:120          Options.access_hint_on_compaction_start: 1
I200129 07:10:24.861819 26 storage/engine/rocksdb.go:120   Options.new_table_reader_for_compaction_inputs: 0
I200129 07:10:24.861822 26 storage/engine/rocksdb.go:120            Options.random_access_max_buffer_size: 1048576
I200129 07:10:24.861826 26 storage/engine/rocksdb.go:120                       Options.use_adaptive_mutex: 0
I200129 07:10:24.861834 26 storage/engine/rocksdb.go:120                             Options.rate_limiter: 0x0
I200129 07:10:24.861839 26 storage/engine/rocksdb.go:120      Options.sst_file_manager.rate_bytes_per_sec: 0
I200129 07:10:24.861858 26 storage/engine/rocksdb.go:120                        Options.wal_recovery_mode: 0
I200129 07:10:24.861862 26 storage/engine/rocksdb.go:120                   Options.enable_thread_tracking: 0
I200129 07:10:24.861865 26 storage/engine/rocksdb.go:120                   Options.enable_pipelined_write: 0
I200129 07:10:24.861872 26 storage/engine/rocksdb.go:120          Options.allow_concurrent_memtable_write: 1
I200129 07:10:24.861877 26 storage/engine/rocksdb.go:120       Options.enable_write_thread_adaptive_yield: 1
I200129 07:10:24.861880 26 storage/engine/rocksdb.go:120              Options.write_thread_max_yield_usec: 100
I200129 07:10:24.861886 26 storage/engine/rocksdb.go:120             Options.write_thread_slow_yield_usec: 3
I200129 07:10:24.861891 26 storage/engine/rocksdb.go:120                                Options.row_cache: None
I200129 07:10:24.861894 26 storage/engine/rocksdb.go:120                               Options.wal_filter: None
I200129 07:10:24.861898 26 storage/engine/rocksdb.go:120              Options.avoid_flush_during_recovery: 0
I200129 07:10:24.861902 26 storage/engine/rocksdb.go:120              Options.allow_ingest_behind: 0
I200129 07:10:24.861905 26 storage/engine/rocksdb.go:120              Options.preserve_deletes: 0
I200129 07:10:24.861909 26 storage/engine/rocksdb.go:120              Options.two_write_queues: 0
I200129 07:10:24.861912 26 storage/engine/rocksdb.go:120              Options.manual_wal_flush: 1
I200129 07:10:24.861916 26 storage/engine/rocksdb.go:120              Options.atomic_flush: 0
I200129 07:10:24.861920 26 storage/engine/rocksdb.go:120              Options.avoid_unnecessary_blocking_io: 0
I200129 07:10:24.861926 26 storage/engine/rocksdb.go:120              Options.max_background_jobs: 4
I200129 07:10:24.861931 26 storage/engine/rocksdb.go:120              Options.max_background_compactions: -1
I200129 07:10:24.861934 26 storage/engine/rocksdb.go:120              Options.avoid_flush_during_shutdown: 0
I200129 07:10:24.861938 26 storage/engine/rocksdb.go:120            Options.writable_file_max_buffer_size: 1048576
I200129 07:10:24.861944 26 storage/engine/rocksdb.go:120              Options.delayed_write_rate : 16777216
I200129 07:10:24.861949 26 storage/engine/rocksdb.go:120              Options.max_total_wal_size: 0
I200129 07:10:24.861953 26 storage/engine/rocksdb.go:120              Options.delete_obsolete_files_period_micros: 21600000000
I200129 07:10:24.861956 26 storage/engine/rocksdb.go:120                    Options.stats_dump_period_sec: 0
I200129 07:10:24.861963 26 storage/engine/rocksdb.go:120                  Options.stats_persist_period_sec: 600
I200129 07:10:24.861970 26 storage/engine/rocksdb.go:120                  Options.stats_history_buffer_size: 1048576
I200129 07:10:24.861977 26 storage/engine/rocksdb.go:120                           Options.max_open_files: 9984
I200129 07:10:24.861982 26 storage/engine/rocksdb.go:120                           Options.bytes_per_sync: 524288
I200129 07:10:24.861985 26 storage/engine/rocksdb.go:120                       Options.wal_bytes_per_sync: 0
I200129 07:10:24.861989 26 storage/engine/rocksdb.go:120                    Options.strict_bytes_per_sync: 1
I200129 07:10:24.861995 26 storage/engine/rocksdb.go:120        Options.compaction_readahead_size: 0
I200129 07:10:24.861999 26 storage/engine/rocksdb.go:120  Compression algorithms supported:
I200129 07:10:24.862006 26 storage/engine/rocksdb.go:120  	kZSTD supported: 0
I200129 07:10:24.862011 26 storage/engine/rocksdb.go:120  	kZlibCompression supported: 0
I200129 07:10:24.862015 26 storage/engine/rocksdb.go:120  	kXpressCompression supported: 0
I200129 07:10:24.862019 26 storage/engine/rocksdb.go:120  	kSnappyCompression supported: 1
I200129 07:10:24.862022 26 storage/engine/rocksdb.go:120  	kZSTDNotFinalCompression supported: 0
I200129 07:10:24.862026 26 storage/engine/rocksdb.go:120  	kLZ4HCCompression supported: 0
I200129 07:10:24.862032 26 storage/engine/rocksdb.go:120  	kLZ4Compression supported: 0
I200129 07:10:24.862040 26 storage/engine/rocksdb.go:120  	kBZip2Compression supported: 0
I200129 07:10:24.862045 26 storage/engine/rocksdb.go:120  Fast CRC32 supported: Supported on x86
I200129 07:10:24.862176 26 storage/engine/rocksdb.go:120  [db/db_impl_open.cc:242] Creating manifest 1 
I200129 07:10:24.863205 26 storage/engine/rocksdb.go:120  [db/version_set.cc:4072] Recovering from manifest file: /Users/syamil/Sites/praxis-academy/novice/03-01/latihan/cockroach/cockroach-data/MANIFEST-000001
I200129 07:10:24.863271 26 storage/engine/rocksdb.go:120  [db/column_family.cc:488] --------------- Options for column family [default]:
I200129 07:10:24.863277 26 storage/engine/rocksdb.go:120                Options.comparator: cockroach_comparator
I200129 07:10:24.863281 26 storage/engine/rocksdb.go:120            Options.merge_operator: cockroach_merge_operator
I200129 07:10:24.863285 26 storage/engine/rocksdb.go:120         Options.compaction_filter: None
I200129 07:10:24.863289 26 storage/engine/rocksdb.go:120         Options.compaction_filter_factory: None
I200129 07:10:24.863293 26 storage/engine/rocksdb.go:120          Options.memtable_factory: SkipListFactory
I200129 07:10:24.863297 26 storage/engine/rocksdb.go:120             Options.table_factory: BlockBasedTable
I200129 07:10:24.863338 26 storage/engine/rocksdb.go:120             table_factory options:   flush_block_policy_factory: FlushBlockBySizePolicyFactory (0xd61c348)
  cache_index_and_filter_blocks: 0
  cache_index_and_filter_blocks_with_high_priority: 0
  pin_l0_filter_and_index_blocks_in_cache: 0
  pin_top_level_index_and_filter: 1
  index_type: 0
  data_block_index_type: 0
  index_shortening: 1
  data_block_hash_table_util_ratio: 0.750000
  hash_index_allow_collision: 1
  checksum: 1
  no_block_cache: 0
  block_cache: 0x12c16018
  block_cache_name: LRUCache
  block_cache_options:
    capacity : 67108864
    num_shard_bits : 4
    strict_capacity_limit : 0
    memory_allocator : None
    high_pri_pool_ratio: 0.000
  block_cache_compressed: 0x0
  persistent_cache: 0x0
  block_size: 32768
  block_size_deviation: 10
  block_restart_interval: 16
  index_block_restart_interval: 1
  metadata_block_size: 4096
  partition_filters: 0
  use_delta_encoding: 1
  filter_policy: rocksdb.BuiltinBloomFilter
  whole_key_filtering: 0
  verify_compression: 0
  read_amp_bytes_per_bit: 0
  format_version: 2
  enable_index_compression: 1
  block_align: 0
I200129 07:10:24.863348 26 storage/engine/rocksdb.go:120         Options.write_buffer_size: 67108864
I200129 07:10:24.863353 26 storage/engine/rocksdb.go:120   Options.max_write_buffer_number: 4
I200129 07:10:24.863357 26 storage/engine/rocksdb.go:120           Options.compression: Snappy
I200129 07:10:24.863361 26 storage/engine/rocksdb.go:120                   Options.bottommost_compression: Disabled
I200129 07:10:24.863365 26 storage/engine/rocksdb.go:120        Options.prefix_extractor: cockroach_prefix_extractor
I200129 07:10:24.863369 26 storage/engine/rocksdb.go:120    Options.memtable_insert_with_hint_prefix_extractor: nullptr
I200129 07:10:24.863372 26 storage/engine/rocksdb.go:120              Options.num_levels: 7
I200129 07:10:24.863376 26 storage/engine/rocksdb.go:120         Options.min_write_buffer_number_to_merge: 1
I200129 07:10:24.863380 26 storage/engine/rocksdb.go:120      Options.max_write_buffer_number_to_maintain: 0
I200129 07:10:24.863384 26 storage/engine/rocksdb.go:120             Options.bottommost_compression_opts.window_bits: -14
I200129 07:10:24.863388 26 storage/engine/rocksdb.go:120                   Options.bottommost_compression_opts.level: 32767
I200129 07:10:24.863392 26 storage/engine/rocksdb.go:120                Options.bottommost_compression_opts.strategy: 0
I200129 07:10:24.863396 26 storage/engine/rocksdb.go:120          Options.bottommost_compression_opts.max_dict_bytes: 0
I200129 07:10:24.863399 26 storage/engine/rocksdb.go:120          Options.bottommost_compression_opts.zstd_max_train_bytes: 0
I200129 07:10:24.863403 26 storage/engine/rocksdb.go:120                   Options.bottommost_compression_opts.enabled: false
I200129 07:10:24.863412 26 storage/engine/rocksdb.go:120             Options.compression_opts.window_bits: -14
I200129 07:10:24.863416 26 storage/engine/rocksdb.go:120                   Options.compression_opts.level: 32767
I200129 07:10:24.863420 26 storage/engine/rocksdb.go:120                Options.compression_opts.strategy: 0
I200129 07:10:24.863423 26 storage/engine/rocksdb.go:120          Options.compression_opts.max_dict_bytes: 0
I200129 07:10:24.863427 26 storage/engine/rocksdb.go:120          Options.compression_opts.zstd_max_train_bytes: 0
I200129 07:10:24.863431 26 storage/engine/rocksdb.go:120                   Options.compression_opts.enabled: false
I200129 07:10:24.863435 26 storage/engine/rocksdb.go:120       Options.level0_file_num_compaction_trigger: 2
I200129 07:10:24.863439 26 storage/engine/rocksdb.go:120           Options.level0_slowdown_writes_trigger: 950
I200129 07:10:24.863442 26 storage/engine/rocksdb.go:120               Options.level0_stop_writes_trigger: 1000
I200129 07:10:24.863446 26 storage/engine/rocksdb.go:120                    Options.target_file_size_base: 4194304
I200129 07:10:24.863453 26 storage/engine/rocksdb.go:120              Options.target_file_size_multiplier: 2
I200129 07:10:24.863457 26 storage/engine/rocksdb.go:120                 Options.max_bytes_for_level_base: 67108864
I200129 07:10:24.863461 26 storage/engine/rocksdb.go:120  Options.level_compaction_dynamic_level_bytes: 1
I200129 07:10:24.863465 26 storage/engine/rocksdb.go:120           Options.max_bytes_for_level_multiplier: 10.000000
I200129 07:10:24.863471 26 storage/engine/rocksdb.go:120  Options.max_bytes_for_level_multiplier_addtl[0]: 1
I200129 07:10:24.863476 26 storage/engine/rocksdb.go:120  Options.max_bytes_for_level_multiplier_addtl[1]: 1
I200129 07:10:24.863480 26 storage/engine/rocksdb.go:120  Options.max_bytes_for_level_multiplier_addtl[2]: 1
I200129 07:10:24.863483 26 storage/engine/rocksdb.go:120  Options.max_bytes_for_level_multiplier_addtl[3]: 1
I200129 07:10:24.863487 26 storage/engine/rocksdb.go:120  Options.max_bytes_for_level_multiplier_addtl[4]: 1
I200129 07:10:24.863491 26 storage/engine/rocksdb.go:120  Options.max_bytes_for_level_multiplier_addtl[5]: 1
I200129 07:10:24.863494 26 storage/engine/rocksdb.go:120  Options.max_bytes_for_level_multiplier_addtl[6]: 1
I200129 07:10:24.863498 26 storage/engine/rocksdb.go:120        Options.max_sequential_skip_in_iterations: 8
I200129 07:10:24.863502 26 storage/engine/rocksdb.go:120                     Options.max_compaction_bytes: 104857600
I200129 07:10:24.863505 26 storage/engine/rocksdb.go:120                         Options.arena_block_size: 8388608
I200129 07:10:24.863509 26 storage/engine/rocksdb.go:120    Options.soft_pending_compaction_bytes_limit: 2199023255552
I200129 07:10:24.863513 26 storage/engine/rocksdb.go:120    Options.hard_pending_compaction_bytes_limit: 4400193994752
I200129 07:10:24.863516 26 storage/engine/rocksdb.go:120        Options.rate_limit_delay_max_milliseconds: 100
I200129 07:10:24.863520 26 storage/engine/rocksdb.go:120                 Options.disable_auto_compactions: 0
I200129 07:10:24.863525 26 storage/engine/rocksdb.go:120                         Options.compaction_style: kCompactionStyleLevel
I200129 07:10:24.863529 26 storage/engine/rocksdb.go:120                           Options.compaction_pri: kMinOverlappingRatio
I200129 07:10:24.863532 26 storage/engine/rocksdb.go:120  Options.compaction_options_universal.size_ratio: 1
I200129 07:10:24.863536 26 storage/engine/rocksdb.go:120  Options.compaction_options_universal.min_merge_width: 2
I200129 07:10:24.863540 26 storage/engine/rocksdb.go:120  Options.compaction_options_universal.max_merge_width: 4294967295
I200129 07:10:24.863544 26 storage/engine/rocksdb.go:120  Options.compaction_options_universal.max_size_amplification_percent: 200
I200129 07:10:24.863548 26 storage/engine/rocksdb.go:120  Options.compaction_options_universal.compression_size_percent: -1
I200129 07:10:24.863552 26 storage/engine/rocksdb.go:120  Options.compaction_options_universal.stop_style: kCompactionStopStyleTotalSize
I200129 07:10:24.863560 26 storage/engine/rocksdb.go:120  Options.compaction_options_fifo.max_table_files_size: 1073741824
I200129 07:10:24.863568 26 storage/engine/rocksdb.go:120  Options.compaction_options_fifo.allow_compaction: 0
I200129 07:10:24.863573 26 storage/engine/rocksdb.go:120                    Options.table_properties_collectors: TimeBoundTblPropCollectorFactory; DeleteRangeTblPropCollectorFactory; 
I200129 07:10:24.863581 26 storage/engine/rocksdb.go:120                    Options.inplace_update_support: 0
I200129 07:10:24.863585 26 storage/engine/rocksdb.go:120                  Options.inplace_update_num_locks: 10000
I200129 07:10:24.863589 26 storage/engine/rocksdb.go:120                Options.memtable_prefix_bloom_size_ratio: 0.000000
I200129 07:10:24.863593 26 storage/engine/rocksdb.go:120                Options.memtable_whole_key_filtering: 0
I200129 07:10:24.863597 26 storage/engine/rocksdb.go:120    Options.memtable_huge_page_size: 0
I200129 07:10:24.863600 26 storage/engine/rocksdb.go:120                            Options.bloom_locality: 0
I200129 07:10:24.863604 26 storage/engine/rocksdb.go:120                     Options.max_successive_merges: 0
I200129 07:10:24.863608 26 storage/engine/rocksdb.go:120                 Options.optimize_filters_for_hits: 1
I200129 07:10:24.863611 26 storage/engine/rocksdb.go:120                 Options.paranoid_file_checks: 0
I200129 07:10:24.863615 26 storage/engine/rocksdb.go:120                 Options.force_consistency_checks: 0
I200129 07:10:24.863618 26 storage/engine/rocksdb.go:120                 Options.report_bg_io_stats: 0
I200129 07:10:24.863622 26 storage/engine/rocksdb.go:120                                Options.ttl: 0
I200129 07:10:24.863626 26 storage/engine/rocksdb.go:120           Options.periodic_compaction_seconds: 0
I200129 07:10:24.864230 26 storage/engine/rocksdb.go:120  [db/version_set.cc:4286] Recovered from manifest file:/Users/syamil/Sites/praxis-academy/novice/03-01/latihan/cockroach/cockroach-data/MANIFEST-000001 succeeded,manifest_file_number is 1, next_file_number is 3, last_sequence is 0, log_number is 0,prev_log_number is 0,max_column_family is 0,min_log_number_to_keep is 0
I200129 07:10:24.864236 26 storage/engine/rocksdb.go:120  [db/version_set.cc:4295] Column family [default] (ID 0), log number is 0
I200129 07:10:24.866932 26 storage/engine/rocksdb.go:120  DB pointer 0xd65f800
I200129 07:16:05.425953 5695 storage/engine/rocksdb.go:120  bloom filter utility:    nan%
I200129 07:16:05.440752 5695 storage/engine/rocksdb.go:120  [db/db_impl.cc:392] Shutdown: canceling all background work
I200129 07:16:05.452539 5695 storage/engine/rocksdb.go:120  [db/db_impl.cc:565] Shutdown complete
I200129 07:16:05.476875 5695 storage/engine/rocksdb.go:120  bloom filter utility:    nan%
I200129 07:16:05.488417 5695 storage/engine/rocksdb.go:120  [db/db_impl.cc:392] Shutdown: canceling all background work
I200129 07:16:05.502248 5695 storage/engine/rocksdb.go:120  [db/db_impl.cc:565] Shutdown complete
