I200129 06:52:46.721128 24 util/log/clog.go:1196  [config] file created at: 2020/01/29 06:52:46
I200129 06:52:46.721128 24 util/log/clog.go:1196  [config] running on machine: Syamils-MacBook-Pro
I200129 06:52:46.721128 24 util/log/clog.go:1196  [config] binary: CockroachDB CCL v19.2.2 (x86_64-apple-darwin14, built 2019/12/11 01:27:47, go1.12.12)
I200129 06:52:46.721128 24 util/log/clog.go:1196  [config] arguments: [cockroach start --insecure --store=hello-1 --host=localhost]
I200129 06:52:46.721128 24 util/log/clog.go:1196  line format: [IWEF]yymmdd hh:mm:ss.uuuuuu goid file:line msg utf8=✓
I200129 06:52:46.721127 24 storage/engine/rocksdb.go:120  RocksDB version: 6.2.1
I200129 06:52:46.724636 24 storage/engine/rocksdb.go:120  Git sha rocksdb_build_git_sha:@b7009236531fa784872f4823eabf393501e41bf2@
I200129 06:52:46.724901 24 storage/engine/rocksdb.go:120  Compile date Dec 11 2019
I200129 06:52:46.724914 24 storage/engine/rocksdb.go:120  DB SUMMARY
I200129 06:52:46.724984 24 storage/engine/rocksdb.go:120  SST files in /Users/syamil/Sites/praxis-academy/novice/03-01/latihan/cockroach/hello-1/cockroach-temp833450988 dir, Total Num: 0, files: 
I200129 06:52:46.724990 24 storage/engine/rocksdb.go:120  Write Ahead Log file in /Users/syamil/Sites/praxis-academy/novice/03-01/latihan/cockroach/hello-1/cockroach-temp833450988: 
I200129 06:52:46.724995 24 storage/engine/rocksdb.go:120                          Options.error_if_exists: 0
I200129 06:52:46.724999 24 storage/engine/rocksdb.go:120                        Options.create_if_missing: 1
I200129 06:52:46.725003 24 storage/engine/rocksdb.go:120                          Options.paranoid_checks: 1
I200129 06:52:46.725007 24 storage/engine/rocksdb.go:120                                      Options.env: 0xa8d7808
I200129 06:52:46.725011 24 storage/engine/rocksdb.go:120                                 Options.info_log: 0x10a30100
I200129 06:52:46.725015 24 storage/engine/rocksdb.go:120                 Options.max_file_opening_threads: 16
I200129 06:52:46.725019 24 storage/engine/rocksdb.go:120                               Options.statistics: 0x10a50158
I200129 06:52:46.725023 24 storage/engine/rocksdb.go:120                                Options.use_fsync: 0
I200129 06:52:46.725027 24 storage/engine/rocksdb.go:120                        Options.max_log_file_size: 0
I200129 06:52:46.725031 24 storage/engine/rocksdb.go:120                   Options.max_manifest_file_size: 134217728
I200129 06:52:46.725035 24 storage/engine/rocksdb.go:120                    Options.log_file_time_to_roll: 0
I200129 06:52:46.725039 24 storage/engine/rocksdb.go:120                        Options.keep_log_file_num: 1000
I200129 06:52:46.725043 24 storage/engine/rocksdb.go:120                     Options.recycle_log_file_num: 1
I200129 06:52:46.725047 24 storage/engine/rocksdb.go:120                          Options.allow_fallocate: 1
I200129 06:52:46.725050 24 storage/engine/rocksdb.go:120                         Options.allow_mmap_reads: 0
I200129 06:52:46.725054 24 storage/engine/rocksdb.go:120                        Options.allow_mmap_writes: 0
I200129 06:52:46.725058 24 storage/engine/rocksdb.go:120                         Options.use_direct_reads: 0
I200129 06:52:46.725062 24 storage/engine/rocksdb.go:120                         Options.use_direct_io_for_flush_and_compaction: 0
I200129 06:52:46.725066 24 storage/engine/rocksdb.go:120           Options.create_missing_column_families: 0
I200129 06:52:46.725070 24 storage/engine/rocksdb.go:120                               Options.db_log_dir: 
I200129 06:52:46.725074 24 storage/engine/rocksdb.go:120                                  Options.wal_dir: /Users/syamil/Sites/praxis-academy/novice/03-01/latihan/cockroach/hello-1/cockroach-temp833450988
I200129 06:52:46.725078 24 storage/engine/rocksdb.go:120                 Options.table_cache_numshardbits: 6
I200129 06:52:46.725082 24 storage/engine/rocksdb.go:120                       Options.max_subcompactions: 1
I200129 06:52:46.725086 24 storage/engine/rocksdb.go:120                   Options.max_background_flushes: -1
I200129 06:52:46.725090 24 storage/engine/rocksdb.go:120                          Options.WAL_ttl_seconds: 0
I200129 06:52:46.725093 24 storage/engine/rocksdb.go:120                        Options.WAL_size_limit_MB: 0
I200129 06:52:46.725097 24 storage/engine/rocksdb.go:120              Options.manifest_preallocation_size: 4194304
I200129 06:52:46.725101 24 storage/engine/rocksdb.go:120                      Options.is_fd_close_on_exec: 1
I200129 06:52:46.725105 24 storage/engine/rocksdb.go:120                    Options.advise_random_on_open: 1
I200129 06:52:46.725109 24 storage/engine/rocksdb.go:120                     Options.db_write_buffer_size: 0
I200129 06:52:46.725119 24 storage/engine/rocksdb.go:120                     Options.write_buffer_manager: 0x10a2c180
I200129 06:52:46.725123 24 storage/engine/rocksdb.go:120          Options.access_hint_on_compaction_start: 1
I200129 06:52:46.725127 24 storage/engine/rocksdb.go:120   Options.new_table_reader_for_compaction_inputs: 0
I200129 06:52:46.725131 24 storage/engine/rocksdb.go:120            Options.random_access_max_buffer_size: 1048576
I200129 06:52:46.725135 24 storage/engine/rocksdb.go:120                       Options.use_adaptive_mutex: 0
I200129 06:52:46.725139 24 storage/engine/rocksdb.go:120                             Options.rate_limiter: 0x0
I200129 06:52:46.725147 24 storage/engine/rocksdb.go:120      Options.sst_file_manager.rate_bytes_per_sec: 0
I200129 06:52:46.725151 24 storage/engine/rocksdb.go:120                        Options.wal_recovery_mode: 0
I200129 06:52:46.725155 24 storage/engine/rocksdb.go:120                   Options.enable_thread_tracking: 0
I200129 06:52:46.725159 24 storage/engine/rocksdb.go:120                   Options.enable_pipelined_write: 0
I200129 06:52:46.725163 24 storage/engine/rocksdb.go:120          Options.allow_concurrent_memtable_write: 1
I200129 06:52:46.725167 24 storage/engine/rocksdb.go:120       Options.enable_write_thread_adaptive_yield: 1
I200129 06:52:46.725171 24 storage/engine/rocksdb.go:120              Options.write_thread_max_yield_usec: 100
I200129 06:52:46.725174 24 storage/engine/rocksdb.go:120             Options.write_thread_slow_yield_usec: 3
I200129 06:52:46.725179 24 storage/engine/rocksdb.go:120                                Options.row_cache: None
I200129 06:52:46.725183 24 storage/engine/rocksdb.go:120                               Options.wal_filter: None
I200129 06:52:46.725187 24 storage/engine/rocksdb.go:120              Options.avoid_flush_during_recovery: 0
I200129 06:52:46.725191 24 storage/engine/rocksdb.go:120              Options.allow_ingest_behind: 0
I200129 06:52:46.725195 24 storage/engine/rocksdb.go:120              Options.preserve_deletes: 0
I200129 06:52:46.725199 24 storage/engine/rocksdb.go:120              Options.two_write_queues: 0
I200129 06:52:46.725203 24 storage/engine/rocksdb.go:120              Options.manual_wal_flush: 1
I200129 06:52:46.725206 24 storage/engine/rocksdb.go:120              Options.atomic_flush: 0
I200129 06:52:46.725210 24 storage/engine/rocksdb.go:120              Options.avoid_unnecessary_blocking_io: 0
I200129 06:52:46.725214 24 storage/engine/rocksdb.go:120              Options.max_background_jobs: 4
I200129 06:52:46.725218 24 storage/engine/rocksdb.go:120              Options.max_background_compactions: -1
I200129 06:52:46.725222 24 storage/engine/rocksdb.go:120              Options.avoid_flush_during_shutdown: 0
I200129 06:52:46.725226 24 storage/engine/rocksdb.go:120            Options.writable_file_max_buffer_size: 1048576
I200129 06:52:46.725230 24 storage/engine/rocksdb.go:120              Options.delayed_write_rate : 16777216
I200129 06:52:46.725234 24 storage/engine/rocksdb.go:120              Options.max_total_wal_size: 0
I200129 06:52:46.725238 24 storage/engine/rocksdb.go:120              Options.delete_obsolete_files_period_micros: 21600000000
I200129 06:52:46.725242 24 storage/engine/rocksdb.go:120                    Options.stats_dump_period_sec: 0
I200129 06:52:46.725246 24 storage/engine/rocksdb.go:120                  Options.stats_persist_period_sec: 600
I200129 06:52:46.725250 24 storage/engine/rocksdb.go:120                  Options.stats_history_buffer_size: 1048576
I200129 06:52:46.725253 24 storage/engine/rocksdb.go:120                           Options.max_open_files: 128
I200129 06:52:46.725257 24 storage/engine/rocksdb.go:120                           Options.bytes_per_sync: 524288
I200129 06:52:46.725261 24 storage/engine/rocksdb.go:120                       Options.wal_bytes_per_sync: 0
I200129 06:52:46.725265 24 storage/engine/rocksdb.go:120                    Options.strict_bytes_per_sync: 1
I200129 06:52:46.725274 24 storage/engine/rocksdb.go:120        Options.compaction_readahead_size: 0
I200129 06:52:46.725278 24 storage/engine/rocksdb.go:120  Compression algorithms supported:
I200129 06:52:46.725282 24 storage/engine/rocksdb.go:120  	kZSTD supported: 0
I200129 06:52:46.725286 24 storage/engine/rocksdb.go:120  	kZlibCompression supported: 0
I200129 06:52:46.725290 24 storage/engine/rocksdb.go:120  	kXpressCompression supported: 0
I200129 06:52:46.725294 24 storage/engine/rocksdb.go:120  	kSnappyCompression supported: 1
I200129 06:52:46.725298 24 storage/engine/rocksdb.go:120  	kZSTDNotFinalCompression supported: 0
I200129 06:52:46.725302 24 storage/engine/rocksdb.go:120  	kLZ4HCCompression supported: 0
I200129 06:52:46.725306 24 storage/engine/rocksdb.go:120  	kLZ4Compression supported: 0
I200129 06:52:46.725310 24 storage/engine/rocksdb.go:120  	kBZip2Compression supported: 0
I200129 06:52:46.725321 24 storage/engine/rocksdb.go:120  Fast CRC32 supported: Supported on x86
I200129 06:52:46.725483 24 storage/engine/rocksdb.go:120  [db/db_impl_open.cc:242] Creating manifest 1 
I200129 06:52:46.726916 24 storage/engine/rocksdb.go:120  [db/version_set.cc:4072] Recovering from manifest file: /Users/syamil/Sites/praxis-academy/novice/03-01/latihan/cockroach/hello-1/cockroach-temp833450988/MANIFEST-000001
I200129 06:52:46.727004 24 storage/engine/rocksdb.go:120  [db/column_family.cc:488] --------------- Options for column family [default]:
I200129 06:52:46.727011 24 storage/engine/rocksdb.go:120                Options.comparator: cockroach_comparator
I200129 06:52:46.727019 24 storage/engine/rocksdb.go:120            Options.merge_operator: cockroach_merge_operator
I200129 06:52:46.727023 24 storage/engine/rocksdb.go:120         Options.compaction_filter: None
I200129 06:52:46.727028 24 storage/engine/rocksdb.go:120         Options.compaction_filter_factory: None
I200129 06:52:46.727033 24 storage/engine/rocksdb.go:120          Options.memtable_factory: SkipListFactory
I200129 06:52:46.727038 24 storage/engine/rocksdb.go:120             Options.table_factory: BlockBasedTable
I200129 06:52:46.727077 24 storage/engine/rocksdb.go:120             table_factory options:   flush_block_policy_factory: FlushBlockBySizePolicyFactory (0x10a3b030)
  cache_index_and_filter_blocks: 0
  cache_index_and_filter_blocks_with_high_priority: 0
  pin_l0_filter_and_index_blocks_in_cache: 0
  pin_top_level_index_and_filter: 1
  index_type: 0
  data_block_index_type: 0
  index_shortening: 1
  data_block_hash_table_util_ratio: 0.750000
  hash_index_allow_collision: 1
  checksum: 1
  no_block_cache: 0
  block_cache: 0x10a50018
  block_cache_name: LRUCache
  block_cache_options:
    capacity : 1048576
    num_shard_bits : 4
    strict_capacity_limit : 0
    memory_allocator : None
    high_pri_pool_ratio: 0.000
  block_cache_compressed: 0x0
  persistent_cache: 0x0
  block_size: 32768
  block_size_deviation: 10
  block_restart_interval: 16
  index_block_restart_interval: 1
  metadata_block_size: 4096
  partition_filters: 0
  use_delta_encoding: 1
  filter_policy: rocksdb.BuiltinBloomFilter
  whole_key_filtering: 0
  verify_compression: 0
  read_amp_bytes_per_bit: 0
  format_version: 2
  enable_index_compression: 1
  block_align: 0
I200129 06:52:46.727083 24 storage/engine/rocksdb.go:120         Options.write_buffer_size: 67108864
I200129 06:52:46.727089 24 storage/engine/rocksdb.go:120   Options.max_write_buffer_number: 4
I200129 06:52:46.727098 24 storage/engine/rocksdb.go:120           Options.compression: Snappy
I200129 06:52:46.727102 24 storage/engine/rocksdb.go:120                   Options.bottommost_compression: Disabled
I200129 06:52:46.727106 24 storage/engine/rocksdb.go:120        Options.prefix_extractor: cockroach_prefix_extractor
I200129 06:52:46.727110 24 storage/engine/rocksdb.go:120    Options.memtable_insert_with_hint_prefix_extractor: nullptr
I200129 06:52:46.727114 24 storage/engine/rocksdb.go:120              Options.num_levels: 7
I200129 06:52:46.727118 24 storage/engine/rocksdb.go:120         Options.min_write_buffer_number_to_merge: 1
I200129 06:52:46.727127 24 storage/engine/rocksdb.go:120      Options.max_write_buffer_number_to_maintain: 0
I200129 06:52:46.727132 24 storage/engine/rocksdb.go:120             Options.bottommost_compression_opts.window_bits: -14
I200129 06:52:46.727136 24 storage/engine/rocksdb.go:120                   Options.bottommost_compression_opts.level: 32767
I200129 06:52:46.727140 24 storage/engine/rocksdb.go:120                Options.bottommost_compression_opts.strategy: 0
I200129 06:52:46.727144 24 storage/engine/rocksdb.go:120          Options.bottommost_compression_opts.max_dict_bytes: 0
I200129 06:52:46.727148 24 storage/engine/rocksdb.go:120          Options.bottommost_compression_opts.zstd_max_train_bytes: 0
I200129 06:52:46.727155 24 storage/engine/rocksdb.go:120                   Options.bottommost_compression_opts.enabled: false
I200129 06:52:46.727160 24 storage/engine/rocksdb.go:120             Options.compression_opts.window_bits: -14
I200129 06:52:46.727164 24 storage/engine/rocksdb.go:120                   Options.compression_opts.level: 32767
I200129 06:52:46.727168 24 storage/engine/rocksdb.go:120                Options.compression_opts.strategy: 0
I200129 06:52:46.727172 24 storage/engine/rocksdb.go:120          Options.compression_opts.max_dict_bytes: 0
I200129 06:52:46.727175 24 storage/engine/rocksdb.go:120          Options.compression_opts.zstd_max_train_bytes: 0
I200129 06:52:46.727179 24 storage/engine/rocksdb.go:120                   Options.compression_opts.enabled: false
I200129 06:52:46.727183 24 storage/engine/rocksdb.go:120       Options.level0_file_num_compaction_trigger: 2
I200129 06:52:46.727188 24 storage/engine/rocksdb.go:120           Options.level0_slowdown_writes_trigger: 950
I200129 06:52:46.727192 24 storage/engine/rocksdb.go:120               Options.level0_stop_writes_trigger: 1000
I200129 06:52:46.727196 24 storage/engine/rocksdb.go:120                    Options.target_file_size_base: 4194304
I200129 06:52:46.727199 24 storage/engine/rocksdb.go:120              Options.target_file_size_multiplier: 2
I200129 06:52:46.727203 24 storage/engine/rocksdb.go:120                 Options.max_bytes_for_level_base: 67108864
I200129 06:52:46.727207 24 storage/engine/rocksdb.go:120  Options.level_compaction_dynamic_level_bytes: 1
I200129 06:52:46.727212 24 storage/engine/rocksdb.go:120           Options.max_bytes_for_level_multiplier: 10.000000
I200129 06:52:46.727216 24 storage/engine/rocksdb.go:120  Options.max_bytes_for_level_multiplier_addtl[0]: 1
I200129 06:52:46.727224 24 storage/engine/rocksdb.go:120  Options.max_bytes_for_level_multiplier_addtl[1]: 1
I200129 06:52:46.727229 24 storage/engine/rocksdb.go:120  Options.max_bytes_for_level_multiplier_addtl[2]: 1
I200129 06:52:46.727233 24 storage/engine/rocksdb.go:120  Options.max_bytes_for_level_multiplier_addtl[3]: 1
I200129 06:52:46.727237 24 storage/engine/rocksdb.go:120  Options.max_bytes_for_level_multiplier_addtl[4]: 1
I200129 06:52:46.727241 24 storage/engine/rocksdb.go:120  Options.max_bytes_for_level_multiplier_addtl[5]: 1
I200129 06:52:46.727245 24 storage/engine/rocksdb.go:120  Options.max_bytes_for_level_multiplier_addtl[6]: 1
I200129 06:52:46.727249 24 storage/engine/rocksdb.go:120        Options.max_sequential_skip_in_iterations: 8
I200129 06:52:46.727253 24 storage/engine/rocksdb.go:120                     Options.max_compaction_bytes: 104857600
I200129 06:52:46.727257 24 storage/engine/rocksdb.go:120                         Options.arena_block_size: 8388608
I200129 06:52:46.727261 24 storage/engine/rocksdb.go:120    Options.soft_pending_compaction_bytes_limit: 2199023255552
I200129 06:52:46.727265 24 storage/engine/rocksdb.go:120    Options.hard_pending_compaction_bytes_limit: 4400193994752
I200129 06:52:46.727268 24 storage/engine/rocksdb.go:120        Options.rate_limit_delay_max_milliseconds: 100
I200129 06:52:46.727272 24 storage/engine/rocksdb.go:120                 Options.disable_auto_compactions: 0
I200129 06:52:46.727277 24 storage/engine/rocksdb.go:120                         Options.compaction_style: kCompactionStyleLevel
I200129 06:52:46.727286 24 storage/engine/rocksdb.go:120                           Options.compaction_pri: kMinOverlappingRatio
I200129 06:52:46.727290 24 storage/engine/rocksdb.go:120  Options.compaction_options_universal.size_ratio: 1
I200129 06:52:46.727294 24 storage/engine/rocksdb.go:120  Options.compaction_options_universal.min_merge_width: 2
I200129 06:52:46.727298 24 storage/engine/rocksdb.go:120  Options.compaction_options_universal.max_merge_width: 4294967295
I200129 06:52:46.727302 24 storage/engine/rocksdb.go:120  Options.compaction_options_universal.max_size_amplification_percent: 200
I200129 06:52:46.727306 24 storage/engine/rocksdb.go:120  Options.compaction_options_universal.compression_size_percent: -1
I200129 06:52:46.727311 24 storage/engine/rocksdb.go:120  Options.compaction_options_universal.stop_style: kCompactionStopStyleTotalSize
I200129 06:52:46.727315 24 storage/engine/rocksdb.go:120  Options.compaction_options_fifo.max_table_files_size: 1073741824
I200129 06:52:46.727319 24 storage/engine/rocksdb.go:120  Options.compaction_options_fifo.allow_compaction: 0
I200129 06:52:46.727328 24 storage/engine/rocksdb.go:120                    Options.table_properties_collectors: TimeBoundTblPropCollectorFactory; DeleteRangeTblPropCollectorFactory; 
I200129 06:52:46.727333 24 storage/engine/rocksdb.go:120                    Options.inplace_update_support: 0
I200129 06:52:46.727337 24 storage/engine/rocksdb.go:120                  Options.inplace_update_num_locks: 10000
I200129 06:52:46.727341 24 storage/engine/rocksdb.go:120                Options.memtable_prefix_bloom_size_ratio: 0.000000
I200129 06:52:46.727345 24 storage/engine/rocksdb.go:120                Options.memtable_whole_key_filtering: 0
I200129 06:52:46.727349 24 storage/engine/rocksdb.go:120    Options.memtable_huge_page_size: 0
I200129 06:52:46.727353 24 storage/engine/rocksdb.go:120                            Options.bloom_locality: 0
I200129 06:52:46.727357 24 storage/engine/rocksdb.go:120                     Options.max_successive_merges: 0
I200129 06:52:46.727360 24 storage/engine/rocksdb.go:120                 Options.optimize_filters_for_hits: 1
I200129 06:52:46.727364 24 storage/engine/rocksdb.go:120                 Options.paranoid_file_checks: 0
I200129 06:52:46.727368 24 storage/engine/rocksdb.go:120                 Options.force_consistency_checks: 0
I200129 06:52:46.727372 24 storage/engine/rocksdb.go:120                 Options.report_bg_io_stats: 0
I200129 06:52:46.727376 24 storage/engine/rocksdb.go:120                                Options.ttl: 0
I200129 06:52:46.727380 24 storage/engine/rocksdb.go:120           Options.periodic_compaction_seconds: 0
I200129 06:52:46.728148 24 storage/engine/rocksdb.go:120  [db/version_set.cc:4286] Recovered from manifest file:/Users/syamil/Sites/praxis-academy/novice/03-01/latihan/cockroach/hello-1/cockroach-temp833450988/MANIFEST-000001 succeeded,manifest_file_number is 1, next_file_number is 3, last_sequence is 0, log_number is 0,prev_log_number is 0,max_column_family is 0,min_log_number_to_keep is 0
I200129 06:52:46.728156 24 storage/engine/rocksdb.go:120  [db/version_set.cc:4295] Column family [default] (ID 0), log number is 0
I200129 06:52:46.730951 24 storage/engine/rocksdb.go:120  DB pointer 0x10ac7000
I200129 06:52:46.749071 24 storage/engine/rocksdb.go:120  RocksDB version: 6.2.1
I200129 06:52:46.749086 24 storage/engine/rocksdb.go:120  Git sha rocksdb_build_git_sha:@b7009236531fa784872f4823eabf393501e41bf2@
I200129 06:52:46.749091 24 storage/engine/rocksdb.go:120  Compile date Dec 11 2019
I200129 06:52:46.749095 24 storage/engine/rocksdb.go:120  DB SUMMARY
I200129 06:52:46.749168 24 storage/engine/rocksdb.go:120  CURRENT file:  CURRENT
I200129 06:52:46.749173 24 storage/engine/rocksdb.go:120  IDENTITY file:  IDENTITY
I200129 06:52:46.749187 24 storage/engine/rocksdb.go:120  MANIFEST file:  MANIFEST-000001 size: 13 Bytes
I200129 06:52:46.749197 24 storage/engine/rocksdb.go:120  SST files in /Users/syamil/Sites/praxis-academy/novice/03-01/latihan/cockroach/hello-1 dir, Total Num: 0, files: 
I200129 06:52:46.749205 24 storage/engine/rocksdb.go:120  Write Ahead Log file in /Users/syamil/Sites/praxis-academy/novice/03-01/latihan/cockroach/hello-1: 000003.log size: 5096721 ; 
I200129 06:52:46.749213 24 storage/engine/rocksdb.go:120                          Options.error_if_exists: 0
I200129 06:52:46.749223 24 storage/engine/rocksdb.go:120                        Options.create_if_missing: 1
I200129 06:52:46.749230 24 storage/engine/rocksdb.go:120                          Options.paranoid_checks: 1
I200129 06:52:46.749237 24 storage/engine/rocksdb.go:120                                      Options.env: 0xa8d7808
I200129 06:52:46.749242 24 storage/engine/rocksdb.go:120                                 Options.info_log: 0x1080d0c0
I200129 06:52:46.749246 24 storage/engine/rocksdb.go:120                 Options.max_file_opening_threads: 16
I200129 06:52:46.749249 24 storage/engine/rocksdb.go:120                               Options.statistics: 0x108120b8
I200129 06:52:46.749253 24 storage/engine/rocksdb.go:120                                Options.use_fsync: 0
I200129 06:52:46.749257 24 storage/engine/rocksdb.go:120                        Options.max_log_file_size: 0
I200129 06:52:46.749260 24 storage/engine/rocksdb.go:120                   Options.max_manifest_file_size: 134217728
I200129 06:52:46.749266 24 storage/engine/rocksdb.go:120                    Options.log_file_time_to_roll: 0
I200129 06:52:46.749271 24 storage/engine/rocksdb.go:120                        Options.keep_log_file_num: 1000
I200129 06:52:46.749275 24 storage/engine/rocksdb.go:120                     Options.recycle_log_file_num: 1
I200129 06:52:46.749278 24 storage/engine/rocksdb.go:120                          Options.allow_fallocate: 1
I200129 06:52:46.749282 24 storage/engine/rocksdb.go:120                         Options.allow_mmap_reads: 0
I200129 06:52:46.749286 24 storage/engine/rocksdb.go:120                        Options.allow_mmap_writes: 0
I200129 06:52:46.749289 24 storage/engine/rocksdb.go:120                         Options.use_direct_reads: 0
I200129 06:52:46.749296 24 storage/engine/rocksdb.go:120                         Options.use_direct_io_for_flush_and_compaction: 0
I200129 06:52:46.749300 24 storage/engine/rocksdb.go:120           Options.create_missing_column_families: 0
I200129 06:52:46.749307 24 storage/engine/rocksdb.go:120                               Options.db_log_dir: 
I200129 06:52:46.749311 24 storage/engine/rocksdb.go:120                                  Options.wal_dir: /Users/syamil/Sites/praxis-academy/novice/03-01/latihan/cockroach/hello-1
I200129 06:52:46.749315 24 storage/engine/rocksdb.go:120                 Options.table_cache_numshardbits: 6
I200129 06:52:46.749319 24 storage/engine/rocksdb.go:120                       Options.max_subcompactions: 1
I200129 06:52:46.749323 24 storage/engine/rocksdb.go:120                   Options.max_background_flushes: -1
I200129 06:52:46.749326 24 storage/engine/rocksdb.go:120                          Options.WAL_ttl_seconds: 0
I200129 06:52:46.749330 24 storage/engine/rocksdb.go:120                        Options.WAL_size_limit_MB: 0
I200129 06:52:46.749333 24 storage/engine/rocksdb.go:120              Options.manifest_preallocation_size: 4194304
I200129 06:52:46.749337 24 storage/engine/rocksdb.go:120                      Options.is_fd_close_on_exec: 1
I200129 06:52:46.749341 24 storage/engine/rocksdb.go:120                    Options.advise_random_on_open: 1
I200129 06:52:46.749344 24 storage/engine/rocksdb.go:120                     Options.db_write_buffer_size: 0
I200129 06:52:46.749348 24 storage/engine/rocksdb.go:120                     Options.write_buffer_manager: 0x10893030
I200129 06:52:46.749351 24 storage/engine/rocksdb.go:120          Options.access_hint_on_compaction_start: 1
I200129 06:52:46.749355 24 storage/engine/rocksdb.go:120   Options.new_table_reader_for_compaction_inputs: 0
I200129 06:52:46.749359 24 storage/engine/rocksdb.go:120            Options.random_access_max_buffer_size: 1048576
I200129 06:52:46.749362 24 storage/engine/rocksdb.go:120                       Options.use_adaptive_mutex: 0
I200129 06:52:46.749370 24 storage/engine/rocksdb.go:120                             Options.rate_limiter: 0x0
I200129 06:52:46.749375 24 storage/engine/rocksdb.go:120      Options.sst_file_manager.rate_bytes_per_sec: 0
I200129 06:52:46.749378 24 storage/engine/rocksdb.go:120                        Options.wal_recovery_mode: 0
I200129 06:52:46.749382 24 storage/engine/rocksdb.go:120                   Options.enable_thread_tracking: 0
I200129 06:52:46.749386 24 storage/engine/rocksdb.go:120                   Options.enable_pipelined_write: 0
I200129 06:52:46.749392 24 storage/engine/rocksdb.go:120          Options.allow_concurrent_memtable_write: 1
I200129 06:52:46.749396 24 storage/engine/rocksdb.go:120       Options.enable_write_thread_adaptive_yield: 1
I200129 06:52:46.749400 24 storage/engine/rocksdb.go:120              Options.write_thread_max_yield_usec: 100
I200129 06:52:46.749407 24 storage/engine/rocksdb.go:120             Options.write_thread_slow_yield_usec: 3
I200129 06:52:46.749411 24 storage/engine/rocksdb.go:120                                Options.row_cache: None
I200129 06:52:46.749415 24 storage/engine/rocksdb.go:120                               Options.wal_filter: None
I200129 06:52:46.749419 24 storage/engine/rocksdb.go:120              Options.avoid_flush_during_recovery: 0
I200129 06:52:46.749422 24 storage/engine/rocksdb.go:120              Options.allow_ingest_behind: 0
I200129 06:52:46.749426 24 storage/engine/rocksdb.go:120              Options.preserve_deletes: 0
I200129 06:52:46.749430 24 storage/engine/rocksdb.go:120              Options.two_write_queues: 0
I200129 06:52:46.749434 24 storage/engine/rocksdb.go:120              Options.manual_wal_flush: 1
I200129 06:52:46.749437 24 storage/engine/rocksdb.go:120              Options.atomic_flush: 0
I200129 06:52:46.749441 24 storage/engine/rocksdb.go:120              Options.avoid_unnecessary_blocking_io: 0
I200129 06:52:46.749444 24 storage/engine/rocksdb.go:120              Options.max_background_jobs: 4
I200129 06:52:46.749448 24 storage/engine/rocksdb.go:120              Options.max_background_compactions: -1
I200129 06:52:46.749452 24 storage/engine/rocksdb.go:120              Options.avoid_flush_during_shutdown: 0
I200129 06:52:46.749455 24 storage/engine/rocksdb.go:120            Options.writable_file_max_buffer_size: 1048576
I200129 06:52:46.749459 24 storage/engine/rocksdb.go:120              Options.delayed_write_rate : 16777216
I200129 06:52:46.749463 24 storage/engine/rocksdb.go:120              Options.max_total_wal_size: 0
I200129 06:52:46.749466 24 storage/engine/rocksdb.go:120              Options.delete_obsolete_files_period_micros: 21600000000
I200129 06:52:46.749470 24 storage/engine/rocksdb.go:120                    Options.stats_dump_period_sec: 0
I200129 06:52:46.749474 24 storage/engine/rocksdb.go:120                  Options.stats_persist_period_sec: 600
I200129 06:52:46.749477 24 storage/engine/rocksdb.go:120                  Options.stats_history_buffer_size: 1048576
I200129 06:52:46.749481 24 storage/engine/rocksdb.go:120                           Options.max_open_files: 9984
I200129 06:52:46.749485 24 storage/engine/rocksdb.go:120                           Options.bytes_per_sync: 524288
I200129 06:52:46.749488 24 storage/engine/rocksdb.go:120                       Options.wal_bytes_per_sync: 0
I200129 06:52:46.749492 24 storage/engine/rocksdb.go:120                    Options.strict_bytes_per_sync: 1
I200129 06:52:46.749495 24 storage/engine/rocksdb.go:120        Options.compaction_readahead_size: 0
I200129 06:52:46.749499 24 storage/engine/rocksdb.go:120  Compression algorithms supported:
I200129 06:52:46.749503 24 storage/engine/rocksdb.go:120  	kZSTD supported: 0
I200129 06:52:46.749507 24 storage/engine/rocksdb.go:120  	kZlibCompression supported: 0
I200129 06:52:46.749511 24 storage/engine/rocksdb.go:120  	kXpressCompression supported: 0
I200129 06:52:46.749517 24 storage/engine/rocksdb.go:120  	kSnappyCompression supported: 1
I200129 06:52:46.749525 24 storage/engine/rocksdb.go:120  	kZSTDNotFinalCompression supported: 0
I200129 06:52:46.749529 24 storage/engine/rocksdb.go:120  	kLZ4HCCompression supported: 0
I200129 06:52:46.749533 24 storage/engine/rocksdb.go:120  	kLZ4Compression supported: 0
I200129 06:52:46.749536 24 storage/engine/rocksdb.go:120  	kBZip2Compression supported: 0
I200129 06:52:46.749541 24 storage/engine/rocksdb.go:120  Fast CRC32 supported: Supported on x86
I200129 06:52:46.749935 24 storage/engine/rocksdb.go:120  [db/version_set.cc:4072] Recovering from manifest file: /Users/syamil/Sites/praxis-academy/novice/03-01/latihan/cockroach/hello-1/MANIFEST-000001
I200129 06:52:46.750008 24 storage/engine/rocksdb.go:120  [db/column_family.cc:488] --------------- Options for column family [default]:
I200129 06:52:46.750017 24 storage/engine/rocksdb.go:120                Options.comparator: cockroach_comparator
I200129 06:52:46.750022 24 storage/engine/rocksdb.go:120            Options.merge_operator: cockroach_merge_operator
I200129 06:52:46.750026 24 storage/engine/rocksdb.go:120         Options.compaction_filter: None
I200129 06:52:46.750030 24 storage/engine/rocksdb.go:120         Options.compaction_filter_factory: None
I200129 06:52:46.750034 24 storage/engine/rocksdb.go:120          Options.memtable_factory: SkipListFactory
I200129 06:52:46.750038 24 storage/engine/rocksdb.go:120             Options.table_factory: BlockBasedTable
I200129 06:52:46.750078 24 storage/engine/rocksdb.go:120             table_factory options:   flush_block_policy_factory: FlushBlockBySizePolicyFactory (0x10811028)
  cache_index_and_filter_blocks: 0
  cache_index_and_filter_blocks_with_high_priority: 0
  pin_l0_filter_and_index_blocks_in_cache: 0
  pin_top_level_index_and_filter: 1
  index_type: 0
  data_block_index_type: 0
  index_shortening: 1
  data_block_hash_table_util_ratio: 0.750000
  hash_index_allow_collision: 1
  checksum: 1
  no_block_cache: 0
  block_cache: 0x10a500b8
  block_cache_name: LRUCache
  block_cache_options:
    capacity : 67108864
    num_shard_bits : 4
    strict_capacity_limit : 0
    memory_allocator : None
    high_pri_pool_ratio: 0.000
  block_cache_compressed: 0x0
  persistent_cache: 0x0
  block_size: 32768
  block_size_deviation: 10
  block_restart_interval: 16
  index_block_restart_interval: 1
  metadata_block_size: 4096
  partition_filters: 0
  use_delta_encoding: 1
  filter_policy: rocksdb.BuiltinBloomFilter
  whole_key_filtering: 0
  verify_compression: 0
  read_amp_bytes_per_bit: 0
  format_version: 2
  enable_index_compression: 1
  block_align: 0
I200129 06:52:46.750088 24 storage/engine/rocksdb.go:120         Options.write_buffer_size: 67108864
I200129 06:52:46.750097 24 storage/engine/rocksdb.go:120   Options.max_write_buffer_number: 4
I200129 06:52:46.750101 24 storage/engine/rocksdb.go:120           Options.compression: Snappy
I200129 06:52:46.750105 24 storage/engine/rocksdb.go:120                   Options.bottommost_compression: Disabled
I200129 06:52:46.750109 24 storage/engine/rocksdb.go:120        Options.prefix_extractor: cockroach_prefix_extractor
I200129 06:52:46.750112 24 storage/engine/rocksdb.go:120    Options.memtable_insert_with_hint_prefix_extractor: nullptr
I200129 06:52:46.750116 24 storage/engine/rocksdb.go:120              Options.num_levels: 7
I200129 06:52:46.750121 24 storage/engine/rocksdb.go:120         Options.min_write_buffer_number_to_merge: 1
I200129 06:52:46.750124 24 storage/engine/rocksdb.go:120      Options.max_write_buffer_number_to_maintain: 0
I200129 06:52:46.750128 24 storage/engine/rocksdb.go:120             Options.bottommost_compression_opts.window_bits: -14
I200129 06:52:46.750132 24 storage/engine/rocksdb.go:120                   Options.bottommost_compression_opts.level: 32767
I200129 06:52:46.750136 24 storage/engine/rocksdb.go:120                Options.bottommost_compression_opts.strategy: 0
I200129 06:52:46.750140 24 storage/engine/rocksdb.go:120          Options.bottommost_compression_opts.max_dict_bytes: 0
I200129 06:52:46.750144 24 storage/engine/rocksdb.go:120          Options.bottommost_compression_opts.zstd_max_train_bytes: 0
I200129 06:52:46.750152 24 storage/engine/rocksdb.go:120                   Options.bottommost_compression_opts.enabled: false
I200129 06:52:46.750156 24 storage/engine/rocksdb.go:120             Options.compression_opts.window_bits: -14
I200129 06:52:46.750159 24 storage/engine/rocksdb.go:120                   Options.compression_opts.level: 32767
I200129 06:52:46.750163 24 storage/engine/rocksdb.go:120                Options.compression_opts.strategy: 0
I200129 06:52:46.750167 24 storage/engine/rocksdb.go:120          Options.compression_opts.max_dict_bytes: 0
I200129 06:52:46.750171 24 storage/engine/rocksdb.go:120          Options.compression_opts.zstd_max_train_bytes: 0
I200129 06:52:46.750174 24 storage/engine/rocksdb.go:120                   Options.compression_opts.enabled: false
I200129 06:52:46.750178 24 storage/engine/rocksdb.go:120       Options.level0_file_num_compaction_trigger: 2
I200129 06:52:46.750182 24 storage/engine/rocksdb.go:120           Options.level0_slowdown_writes_trigger: 950
I200129 06:52:46.750185 24 storage/engine/rocksdb.go:120               Options.level0_stop_writes_trigger: 1000
I200129 06:52:46.750189 24 storage/engine/rocksdb.go:120                    Options.target_file_size_base: 4194304
I200129 06:52:46.750193 24 storage/engine/rocksdb.go:120              Options.target_file_size_multiplier: 2
I200129 06:52:46.750197 24 storage/engine/rocksdb.go:120                 Options.max_bytes_for_level_base: 67108864
I200129 06:52:46.750200 24 storage/engine/rocksdb.go:120  Options.level_compaction_dynamic_level_bytes: 1
I200129 06:52:46.750207 24 storage/engine/rocksdb.go:120           Options.max_bytes_for_level_multiplier: 10.000000
I200129 06:52:46.750212 24 storage/engine/rocksdb.go:120  Options.max_bytes_for_level_multiplier_addtl[0]: 1
I200129 06:52:46.750216 24 storage/engine/rocksdb.go:120  Options.max_bytes_for_level_multiplier_addtl[1]: 1
I200129 06:52:46.750219 24 storage/engine/rocksdb.go:120  Options.max_bytes_for_level_multiplier_addtl[2]: 1
I200129 06:52:46.750223 24 storage/engine/rocksdb.go:120  Options.max_bytes_for_level_multiplier_addtl[3]: 1
I200129 06:52:46.750227 24 storage/engine/rocksdb.go:120  Options.max_bytes_for_level_multiplier_addtl[4]: 1
I200129 06:52:46.750230 24 storage/engine/rocksdb.go:120  Options.max_bytes_for_level_multiplier_addtl[5]: 1
I200129 06:52:46.750234 24 storage/engine/rocksdb.go:120  Options.max_bytes_for_level_multiplier_addtl[6]: 1
I200129 06:52:46.750237 24 storage/engine/rocksdb.go:120        Options.max_sequential_skip_in_iterations: 8
I200129 06:52:46.750241 24 storage/engine/rocksdb.go:120                     Options.max_compaction_bytes: 104857600
I200129 06:52:46.750245 24 storage/engine/rocksdb.go:120                         Options.arena_block_size: 8388608
I200129 06:52:46.750249 24 storage/engine/rocksdb.go:120    Options.soft_pending_compaction_bytes_limit: 2199023255552
I200129 06:52:46.750252 24 storage/engine/rocksdb.go:120    Options.hard_pending_compaction_bytes_limit: 4400193994752
I200129 06:52:46.750256 24 storage/engine/rocksdb.go:120        Options.rate_limit_delay_max_milliseconds: 100
I200129 06:52:46.750259 24 storage/engine/rocksdb.go:120                 Options.disable_auto_compactions: 0
I200129 06:52:46.750264 24 storage/engine/rocksdb.go:120                         Options.compaction_style: kCompactionStyleLevel
I200129 06:52:46.750268 24 storage/engine/rocksdb.go:120                           Options.compaction_pri: kMinOverlappingRatio
I200129 06:52:46.750272 24 storage/engine/rocksdb.go:120  Options.compaction_options_universal.size_ratio: 1
I200129 06:52:46.750276 24 storage/engine/rocksdb.go:120  Options.compaction_options_universal.min_merge_width: 2
I200129 06:52:46.750279 24 storage/engine/rocksdb.go:120  Options.compaction_options_universal.max_merge_width: 4294967295
I200129 06:52:46.750283 24 storage/engine/rocksdb.go:120  Options.compaction_options_universal.max_size_amplification_percent: 200
I200129 06:52:46.750287 24 storage/engine/rocksdb.go:120  Options.compaction_options_universal.compression_size_percent: -1
I200129 06:52:46.750296 24 storage/engine/rocksdb.go:120  Options.compaction_options_universal.stop_style: kCompactionStopStyleTotalSize
I200129 06:52:46.750304 24 storage/engine/rocksdb.go:120  Options.compaction_options_fifo.max_table_files_size: 1073741824
I200129 06:52:46.750308 24 storage/engine/rocksdb.go:120  Options.compaction_options_fifo.allow_compaction: 0
I200129 06:52:46.750313 24 storage/engine/rocksdb.go:120                    Options.table_properties_collectors: TimeBoundTblPropCollectorFactory; DeleteRangeTblPropCollectorFactory; 
I200129 06:52:46.750318 24 storage/engine/rocksdb.go:120                    Options.inplace_update_support: 0
I200129 06:52:46.750321 24 storage/engine/rocksdb.go:120                  Options.inplace_update_num_locks: 10000
I200129 06:52:46.750325 24 storage/engine/rocksdb.go:120                Options.memtable_prefix_bloom_size_ratio: 0.000000
I200129 06:52:46.750332 24 storage/engine/rocksdb.go:120                Options.memtable_whole_key_filtering: 0
I200129 06:52:46.750337 24 storage/engine/rocksdb.go:120    Options.memtable_huge_page_size: 0
I200129 06:52:46.750340 24 storage/engine/rocksdb.go:120                            Options.bloom_locality: 0
I200129 06:52:46.750344 24 storage/engine/rocksdb.go:120                     Options.max_successive_merges: 0
I200129 06:52:46.750348 24 storage/engine/rocksdb.go:120                 Options.optimize_filters_for_hits: 1
I200129 06:52:46.750351 24 storage/engine/rocksdb.go:120                 Options.paranoid_file_checks: 0
I200129 06:52:46.750355 24 storage/engine/rocksdb.go:120                 Options.force_consistency_checks: 0
I200129 06:52:46.750359 24 storage/engine/rocksdb.go:120                 Options.report_bg_io_stats: 0
I200129 06:52:46.750362 24 storage/engine/rocksdb.go:120                                Options.ttl: 0
I200129 06:52:46.750366 24 storage/engine/rocksdb.go:120           Options.periodic_compaction_seconds: 0
I200129 06:52:46.751083 24 storage/engine/rocksdb.go:120  [db/version_set.cc:4286] Recovered from manifest file:/Users/syamil/Sites/praxis-academy/novice/03-01/latihan/cockroach/hello-1/MANIFEST-000001 succeeded,manifest_file_number is 1, next_file_number is 3, last_sequence is 0, log_number is 0,prev_log_number is 0,max_column_family is 0,min_log_number_to_keep is 0
I200129 06:52:46.751092 24 storage/engine/rocksdb.go:120  [db/version_set.cc:4295] Column family [default] (ID 0), log number is 0
I200129 06:52:46.751231 24 storage/engine/rocksdb.go:120  EVENT_LOG_v1 {"time_micros": 1580280766751211, "job": 1, "event": "recovery_started", "log_files": [3]}
I200129 06:52:46.751243 24 storage/engine/rocksdb.go:120  [db/db_impl_open.cc:598] Recovering log #3 mode 0
I200129 06:52:46.815192 24 storage/engine/rocksdb.go:120  EVENT_LOG_v1 {"time_micros": 1580280766815107, "cf_name": "default", "job": 1, "event": "table_file_creation", "file_number": 4, "file_size": 115816, "table_properties": {"data_size": 112269, "index_size": 635, "index_partitions": 0, "top_level_index_size": 0, "index_key_is_user_key": 0, "index_value_is_delta_encoded": 0, "filter_size": 2117, "raw_key_size": 67322, "raw_average_key_size": 38, "raw_value_size": 446833, "raw_average_value_size": 252, "num_data_blocks": 12, "num_entries": 1768, "num_deletions": 343, "num_merge_operands": 664, "num_range_deletions": 664, "format_version": 0, "fixed_key_len": 0, "filter_policy": "rocksdb.BuiltinBloomFilter", "column_family_name": "default", "column_family_id": 0, "comparator": "cockroach_comparator", "merge_operator": "cockroach_merge_operator", "prefix_extractor_name": "cockroach_prefix_extractor", "property_collectors": "[TimeBoundTblPropCollectorFactory,DeleteRangeTblPropCollectorFactory]", "compression": "Snappy", "compression_options": "window_bits=-14; level=32767; strategy=0; max_dict_bytes=0; zstd_max_train_bytes=0; enabled=0; ", "creation_time": 1580280766, "oldest_key_time": 3, "file_creation_time": 0}}
I200129 06:52:46.815974 24 storage/engine/rocksdb.go:120  [db/version_set.cc:3560] Creating manifest 5
I200129 06:52:46.817169 24 storage/engine/rocksdb.go:120  EVENT_LOG_v1 {"time_micros": 1580280766817126, "job": 1, "event": "recovery_finished"}
I200129 06:52:46.821149 24 storage/engine/rocksdb.go:120  DB pointer 0x108a1000
I200129 07:10:04.374133 11741 storage/engine/rocksdb.go:120  bloom filter utility:    nan%
I200129 07:10:04.384367 11741 storage/engine/rocksdb.go:120  [db/db_impl.cc:392] Shutdown: canceling all background work
I200129 07:10:04.395737 11741 storage/engine/rocksdb.go:120  [db/db_impl.cc:565] Shutdown complete
I200129 07:10:04.416842 11741 storage/engine/rocksdb.go:120  bloom filter utility:    22.7%
I200129 07:10:04.424632 11741 storage/engine/rocksdb.go:120  [db/db_impl.cc:392] Shutdown: canceling all background work
I200129 07:10:04.438342 11741 storage/engine/rocksdb.go:120  [db/db_impl.cc:565] Shutdown complete
